d:\c프로그래밍\yeolhyeol\ch08\debug\vc142.pdb
d:\c프로그래밍\yeolhyeol\ch08\debug\vc142.idb
d:\c프로그래밍\yeolhyeol\ch08\debug\caltwo.obj
d:\c프로그래밍\yeolhyeol\ch08\debug\threeoperand.obj
d:\c프로그래밍\yeolhyeol\ch08\debug\englishschool.obj
d:\c프로그래밍\yeolhyeol\ch08\debug\advanenglishschooi.obj
d:\c프로그래밍\yeolhyeol\ch08\debug\whenover5000.obj
d:\c프로그래밍\yeolhyeol\ch08\debug\gotobasic.obj
d:\c프로그래밍\yeolhyeol\ch08\debug\dfs.obj
d:\c프로그래밍\yeolhyeol\ch08\debug\simplewhile.obj
d:\c프로그래밍\yeolhyeol\ch08\debug\nineninedan.obj
d:\c프로그래밍\yeolhyeol\debug\ch08.exe
d:\c프로그래밍\yeolhyeol\ch08\debug\ch08.ilk
d:\c프로그래밍\yeolhyeol\debug\ch08.pdb
d:\c프로그래밍\yeolhyeol\ch08\debug\ch08.tlog\cl.command.1.tlog
d:\c프로그래밍\yeolhyeol\ch08\debug\ch08.tlog\cl.read.1.tlog
d:\c프로그래밍\yeolhyeol\ch08\debug\ch08.tlog\cl.write.1.tlog
d:\c프로그래밍\yeolhyeol\ch08\debug\ch08.tlog\link.command.1.tlog
d:\c프로그래밍\yeolhyeol\ch08\debug\ch08.tlog\link.read.1.tlog
d:\c프로그래밍\yeolhyeol\ch08\debug\ch08.tlog\link.write.1.tlog
